00000000: bb 7e 45 00 ff ff 00 00   09 00 20 01 00 02 71 00 
00000010: 00 02 23 23 27 6e 7e 61   7e 45 00 ff ff 00 00 09 
00000020: 00 21 02 00 03 be 23 00   03 97 13 64 a6 7e 7e 45 
00000030: 00 ff ff 00 00 09 00 20   01 00 04 e2 00 00 04 e2 
00000040: 00 5e 30 7e 7e 45 00 ff   ff 00 00 09 00 21 02 00 
00000050: 05 c6 47 00 05 9f 36 8b   90 7e 7e 45 00 ff ff 00 
00000060: 00 09 00 22 01 00 06 f2   6a 00 06 a4 4a 45 eb 7e 
00000070: 7e 45 00 ff ff 00 00 09   00 23 02 05 f4 d1 90 ff 
00000080: c3 f0 a3 49 04 7e 7e 45   00 ff ff 00 00 09 00 23 
00000090: 02 05 f4 d1 90 ff c3 f0   a3 49 04 7e 7e 45 00 ff 
000000a0: ff 00 00 09 00 24 02 00   0a 47 56 00 0a 47 56 80 
000000b0: 3b 7e 7e 45 00 ff ff 00   00 09 00 25 05 00 0b 40 
000000c0: 3b 00 0b 19 2b 52 18 7e   7e 45 00 ff ff 00 00 09 
000000d0: 00 26 02 00 0c 56 f0 00   0c 08 d0 f6 a2 7e 7e 45 
000000e0: 00 ff ff 00 00 09 00 27   05 05 f5 2d b0 00 17 30 
000000f0: 09 5e c2 7e 7e 45 00 ff   ff 00 00 09 00 28 05 00 
00000100: 00 00 00 00 17 30 09 1b   df 7e 7e 45 00 ff ff 00 
00000110: 00 09 00 31 05 00 0e af   2d 00 0e af 2d 2f e0 61 
00000120: 61 61 7e 45 00 ff ff 00   00 09 00 31 05 00 11 20 
00000130: 2d 00 11 20 2d 6a 28 7e   7e 45 00 ff ff 00 00 09 
00000140: 00 32 06 00 05 d5 d8 00   05 ae c8 5f 86 7e 7e 45 
00000150: 00 ff ff 00 00 09 00 33   05 00 13 2f 6d 00 12 e1 
00000160: 4d fb 52 7e 7e 45 00 ff   ff 00 00 09 00 34 06 05 
00000170: f7 9e b0 d0 17 9c 00 d5   fe 7e 